simple	15-Feb-2024 04:28:02	Build Scheduled Test Runs - PORTAL_ENT-DEV - Default Job #584 (TS-UIENTDEV-JOB1-584) is being prepared for building on agent tpaprdcolbam02.acclariscorp.com, bamboo version: 9.2.9
simple	15-Feb-2024 04:28:02	Remote agent on host tpaprdcolbam02.acclariscorp.com
simple	15-Feb-2024 04:28:02	Build working directory is /u01/bamboo_agent/agent-10/xml-data/build-dir/TS-UIENTDEV-JOB1
simple	15-Feb-2024 04:28:02	Executing build Scheduled Test Runs - PORTAL_ENT-DEV - Default Job #584 (TS-UIENTDEV-JOB1-584)
simple	15-Feb-2024 04:28:02	Running pre-build action: BrowserStack Build Configurator
simple	15-Feb-2024 04:28:02	Running pre-build action: Build Log Labeller Pre Build Action
simple	15-Feb-2024 04:28:02	Running pre-build action: VCS Version Collector
simple	15-Feb-2024 04:28:02	Build Scheduled Test Runs - PORTAL_ENT-DEV - Default Job #584 (TS-UIENTDEV-JOB1-584) started building on agent 'tpaprdcolbam02.acclariscorp.com' (Remote agent on host tpaprdcolbam02.acclariscorp.com)
simple	15-Feb-2024 04:28:02	Skipping execution of task 'Run TestRunner CLI in DEV on SAJ03 VM' as it is disabled
simple	15-Feb-2024 04:28:02	Skipping execution of task 'Run TestRunner CLI in DEV on AUT51 VM' as it is disabled
simple	15-Feb-2024 04:28:02	Skipping execution of task 'Run TestRunner CLI on AUT51 with Service Account, Mount' as it is disabled
command	15-Feb-2024 04:28:02	Substituting password variable: ${bamboo.azureStorageKeySecret}
command	15-Feb-2024 04:28:02	Substituting variable: ${bamboo.dbName} with ENTDEV_DEV_SUPPORT
command	15-Feb-2024 04:28:02	Substituting variable: ${bamboo.dbUsername} with ********
command	15-Feb-2024 04:28:02	Substituting password variable: ${bamboo.dbPassword}
command	15-Feb-2024 04:28:02	Substituting variable: ${bamboo.runLabel} with ScheduledUIDev
command	15-Feb-2024 04:28:02	Substituting variable: ${bamboo.testURL} with https://ent-dev.participantportal.com
command	15-Feb-2024 04:28:02	Substituting variable: ${bamboo.browser} with chromeheadless
command	15-Feb-2024 04:28:02	Substituting variable: ${bamboo.testSuiteType} with ui
simple	15-Feb-2024 04:28:02	Starting task 'Run Plan Branch TestRunner CLI in DEV on SAJ03 VM' of type 'com.atlassian.bamboo.plugins.bamboo-scp-plugin:sshtask'
simple	15-Feb-2024 04:28:02	The task will be executed on the following hosts: sajdevcoltst03.acclariscorp.com
simple	15-Feb-2024 04:28:02	Connecting to "sajdevcoltst03.acclariscorp.com" on port: 22
simple	15-Feb-2024 04:28:03	[host: sajdevcoltst03.acclariscorp.com] Executing [
simple	15-Feb-2024 04:28:03	bash branchRun.sh feature/VBC-70489-add-reports-attribute-to-tests-calling-read-csv-or-pdf-files \
simple	15-Feb-2024 04:28:03	 	-r 0 -c 15 -st azure -azsa liazondev -azsbc seresultsscreenshots \
simple	15-Feb-2024 04:28:03	 	-azst seResults -azsk ******** -dbn ENTDEV_DEV_SUPPORT \
simple	15-Feb-2024 04:28:03	 	-dbu ******** -dbp ******** -ls ScheduledUIDev -d -attr Acclaris \
simple	15-Feb-2024 04:28:03	 	-eattr SanityPortalEUS,SanityPortalENT,Fidelity,NotificationFramework,EndToEnd,ProdLiveCheck,Mfa,Responsive,JavaBatch,ATFTest,NFR,Reports \
simple	15-Feb-2024 04:28:03	 	-u https://ent-dev.participantportal.com -b chromeheadless -s ui
simple	15-Feb-2024 04:28:03	]
simple	15-Feb-2024 04:28:03	Can't propagate "bamboo_*" environment variables. See http://docs.atlassian.com/bamboo/docs-0902/Using+the+SSH+task+in+Bamboo how to configure destination host
build	15-Feb-2024 04:28:04	HEAD is now at 4625205d7 Updated
build	15-Feb-2024 04:28:05	Saved working directory and index state WIP on feature/VBC-69177-IVRServiceRefactoringAndProdImplementation: 4625205d7 Updated
build	15-Feb-2024 04:28:05	Dropped refs/stash@{0} (09f7ac4e4e8c247799a06862a8eed3f4fe9046da)
build	15-Feb-2024 04:28:06	branch 'feature/VBC-70489-add-reports-attribute-to-tests-calling-read-csv-or-pdf-files' set up to track 'origin/feature/VBC-70489-add-reports-attribute-to-tests-calling-read-csv-or-pdf-files'.
build	15-Feb-2024 04:28:07	Already up to date.
build	15-Feb-2024 04:28:08	
build	15-Feb-2024 04:28:08	Welcome to .NET 6.0!
build	15-Feb-2024 04:28:08	---------------------
build	15-Feb-2024 04:28:08	SDK Version: 6.0.405
build	15-Feb-2024 04:28:08	
build	15-Feb-2024 04:28:08	Telemetry
build	15-Feb-2024 04:28:08	---------
build	15-Feb-2024 04:28:08	The .NET tools collect usage data in order to help us improve your experience. It is collected by Microsoft and shared with the community. You can opt-out of telemetry by setting the DOTNET_CLI_TELEMETRY_OPTOUT environment variable to '1' or 'true' using your favorite shell.
build	15-Feb-2024 04:28:08	
build	15-Feb-2024 04:28:08	Read more about .NET CLI Tools telemetry: https://aka.ms/dotnet-cli-telemetry
build	15-Feb-2024 04:28:08	
build	15-Feb-2024 04:28:08	----------------
build	15-Feb-2024 04:28:08	Installed an ASP.NET Core HTTPS development certificate.
build	15-Feb-2024 04:28:08	To trust the certificate run 'dotnet dev-certs https --trust' (Windows and macOS only).
build	15-Feb-2024 04:28:08	Learn about HTTPS: https://aka.ms/dotnet-https
build	15-Feb-2024 04:28:08	----------------
build	15-Feb-2024 04:28:08	Write your first app: https://aka.ms/dotnet-hello-world
build	15-Feb-2024 04:28:08	Find out what's new: https://aka.ms/dotnet-whats-new
build	15-Feb-2024 04:28:08	Explore documentation: https://aka.ms/dotnet-docs
build	15-Feb-2024 04:28:08	Report issues and find source on GitHub: https://github.com/dotnet/core
build	15-Feb-2024 04:28:08	Use 'dotnet --help' to see available commands or visit: https://aka.ms/dotnet-cli
build	15-Feb-2024 04:28:08	--------------------------------------------------------------------------------------
build	15-Feb-2024 04:28:08	MSBuild version 17.3.2+561848881 for .NET
build	15-Feb-2024 04:28:08	  Determining projects to restore...
build	15-Feb-2024 04:28:11	  Restored /var/branchSource/Source/Framework.API/Framework.API.csproj (in 1.12 sec).
build	15-Feb-2024 04:28:12	  Restored /var/branchSource/Source/Tests.DB.BaseTest/Tests.DB.BaseTest.csproj (in 2.07 sec).
build	15-Feb-2024 04:28:12	  Restored /var/branchSource/Source/DataGeneration.Acclaris/DataGeneration.Acclaris.csproj (in 2.07 sec).
build	15-Feb-2024 04:28:12	  Restored /var/branchSource/Source/Tests.NUT.BaseTest/Tests.NUT.BaseTest.csproj (in 2.07 sec).
build	15-Feb-2024 04:28:12	  Restored /var/branchSource/Source/Framework.Base/Framework.Base.csproj (in 10 ms).
build	15-Feb-2024 04:28:12	  Restored /var/branchSource/Source/Framework.UI.Acclaris/Framework.UI.Acclaris.csproj (in 2.14 sec).
build	15-Feb-2024 04:28:12	  Restored /var/branchSource/Source/Framework.API.Acclaris/Framework.API.Acclaris.csproj (in 57 ms).
build	15-Feb-2024 04:28:12	  Restored /var/branchSource/Source/Tests.Mobile.BaseTest/Tests.Mobile.BaseTest.csproj (in 845 ms).
build	15-Feb-2024 04:28:12	  Restored /var/branchSource/Source/Framework.UI/Framework.UI.csproj (in 2.16 sec).
build	15-Feb-2024 04:28:12	  Restored /var/branchSource/Source/Tests.UI.BaseTest/Tests.UI.BaseTest.csproj (in 2.17 sec).
build	15-Feb-2024 04:28:12	  Restored /var/branchSource/Source/TestRunner.CLI/TestRunner.CLI.csproj (in 2.16 sec).
build	15-Feb-2024 04:28:12	  Restored /var/branchSource/Source/Framework.Acclaris/Framework.Acclaris.csproj (in 39 ms).
build	15-Feb-2024 04:28:12	  Restored /var/branchSource/Source/TestRunner.Utilities/TestRunner.Utilities.csproj (in 161 ms).
build	15-Feb-2024 04:28:12	  Restored /var/branchSource/Source/Tests.Acclaris/Tests.Acclaris.csproj (in 161 ms).
build	15-Feb-2024 04:28:15	  Framework.Base -> /var/branchSource/Source/Framework.Base/bin/Debug/net6.0/Framework.Base.dll
build	15-Feb-2024 04:28:15	  Framework.Acclaris -> /var/branchSource/Source/Framework.Acclaris/bin/Debug/net6.0/Framework.Acclaris.dll
build	15-Feb-2024 04:28:16	/var/branchSource/Source/Framework.API/Clients/GenericApiClient.cs(512,30): warning CS0109: The member 'GenericApiClient.Post_OldMethod<T>(string, string, T, string)' does not hide an accessible member. The new keyword is not required. [/var/branchSource/Source/Framework.API/Framework.API.csproj]
build	15-Feb-2024 04:28:16	  Framework.API -> /var/branchSource/Source/Framework.API/bin/Debug/net6.0/Framework.API.dll
build	15-Feb-2024 04:28:16	/var/branchSource/Source/Framework.UI/PageObjects/MobileBasePO.cs(57,21): warning CS0108: 'MobileBasePO.ScrollDown()' hides inherited member 'BasePO.ScrollDown()'. Use the new keyword if hiding was intended. [/var/branchSource/Source/Framework.UI/Framework.UI.csproj]
build	15-Feb-2024 04:28:16	/var/branchSource/Source/Framework.UI/File/FileManager.cs(78,30): warning CS0168: The variable 'Ex' is declared but never used [/var/branchSource/Source/Framework.UI/Framework.UI.csproj]
build	15-Feb-2024 04:28:16	/var/branchSource/Source/Framework.UI/File/FileManager.cs(100,30): warning CS0168: The variable 'ex' is declared but never used [/var/branchSource/Source/Framework.UI/Framework.UI.csproj]
build	15-Feb-2024 04:28:16	  Framework.UI -> /var/branchSource/Source/Framework.UI/bin/Debug/net6.0/Framework.UI.dll
build	15-Feb-2024 04:28:20	/var/branchSource/Source/Framework.UI.Acclaris/PageObjects/Common/LoginPage.cs(392,21): warning CS0108: 'LoginPage.CloseBrowserWindow()' hides inherited member 'BasePO.CloseBrowserWindow()'. Use the new keyword if hiding was intended. [/var/branchSource/Source/Framework.UI.Acclaris/Framework.UI.Acclaris.csproj]
build	15-Feb-2024 04:28:20	  Framework.UI.Acclaris -> /var/branchSource/Source/Framework.UI.Acclaris/bin/Debug/net6.0/Framework.UI.Acclaris.dll
build	15-Feb-2024 04:28:21	/var/branchSource/Source/DataGeneration.Acclaris/Models/DbModels/EeAssistEvent.cs(16,22): warning CS8632: The annotation for nullable reference types should only be used in code within a '#nullable' annotations context. [/var/branchSource/Source/DataGeneration.Acclaris/DataGeneration.Acclaris.csproj]
build	15-Feb-2024 04:28:21	/var/branchSource/Source/DataGeneration.Acclaris/Models/DbModels/EeAssistEvent.cs(28,22): warning CS8632: The annotation for nullable reference types should only be used in code within a '#nullable' annotations context. [/var/branchSource/Source/DataGeneration.Acclaris/DataGeneration.Acclaris.csproj]
build	15-Feb-2024 04:28:21	/var/branchSource/Source/DataGeneration.Acclaris/Models/DbModels/EeAssistResponse.cs(26,22): warning CS8632: The annotation for nullable reference types should only be used in code within a '#nullable' annotations context. [/var/branchSource/Source/DataGeneration.Acclaris/DataGeneration.Acclaris.csproj]
build	15-Feb-2024 04:28:21	/var/branchSource/Source/DataGeneration.Acclaris/Models/DbModels/EeAssistResponse.cs(32,22): warning CS8632: The annotation for nullable reference types should only be used in code within a '#nullable' annotations context. [/var/branchSource/Source/DataGeneration.Acclaris/DataGeneration.Acclaris.csproj]
build	15-Feb-2024 04:28:21	/var/branchSource/Source/DataGeneration.Acclaris/Models/DbModels/PolicyActivityLog.cs(28,22): warning CS8632: The annotation for nullable reference types should only be used in code within a '#nullable' annotations context. [/var/branchSource/Source/DataGeneration.Acclaris/DataGeneration.Acclaris.csproj]
build	15-Feb-2024 04:28:21	/var/branchSource/Source/DataGeneration.Acclaris/Models/DbModels/PolicyActivityLog.cs(30,22): warning CS8632: The annotation for nullable reference types should only be used in code within a '#nullable' annotations context. [/var/branchSource/Source/DataGeneration.Acclaris/DataGeneration.Acclaris.csproj]
build	15-Feb-2024 04:28:21	/var/branchSource/Source/DataGeneration.Acclaris/DBOperations/DataDeletion/TestDataEraser.cs(24,27): warning CS1998: This async method lacks 'await' operators and will run synchronously. Consider using the 'await' operator to await non-blocking API calls, or 'await Task.Run(...)' to do CPU-bound work on a background thread. [/var/branchSource/Source/DataGeneration.Acclaris/DataGeneration.Acclaris.csproj]
build	15-Feb-2024 04:28:21	/var/branchSource/Source/DataGeneration.Acclaris/Models/Sanity/AdminSanityData.cs(152,17): warning CS0219: The variable 'adminId' is assigned but its value is never used [/var/branchSource/Source/DataGeneration.Acclaris/DataGeneration.Acclaris.csproj]
build	15-Feb-2024 04:28:25	  DataGeneration.Acclaris -> /var/branchSource/Source/DataGeneration.Acclaris/bin/Debug/net6.0/DataGeneration.Acclaris.dll
build	15-Feb-2024 04:28:26	  Tests.UI.BaseTest -> /var/branchSource/Source/Tests.UI.BaseTest/bin/Debug/net6.0/Tests.UI.BaseTest.dll
build	15-Feb-2024 04:28:27	/var/branchSource/Source/Framework.API.Acclaris/AcclarisApiClient.cs(17,67): warning CS0108: 'AcclarisApiClient._jsonOptions' hides inherited member 'GenericApiClient._jsonOptions'. Use the new keyword if hiding was intended. [/var/branchSource/Source/Framework.API.Acclaris/Framework.API.Acclaris.csproj]
build	15-Feb-2024 04:28:27	/var/branchSource/Source/Framework.API.Acclaris/AcclarisApiClient.cs(22,30): warning CS0109: The member 'AcclarisApiClient.GetServiceUrl(string, bool)' does not hide an accessible member. The new keyword is not required. [/var/branchSource/Source/Framework.API.Acclaris/Framework.API.Acclaris.csproj]
build	15-Feb-2024 04:28:27	/var/branchSource/Source/Framework.API.Acclaris/AcclarisApiClient.cs(296,30): warning CS0109: The member 'AcclarisApiClient.Post<T>(string, T, string, string, string, Dictionary<string, string>, bool, string, Dictionary<string, string>)' does not hide an accessible member. The new keyword is not required. [/var/branchSource/Source/Framework.API.Acclaris/Framework.API.Acclaris.csproj]
build	15-Feb-2024 04:28:27	/var/branchSource/Source/Framework.API.Acclaris/AcclarisApiClient.cs(437,30): warning CS0109: The member 'AcclarisApiClient.Put<T>(string, T, string, string, Dictionary<string, string>)' does not hide an accessible member. The new keyword is not required. [/var/branchSource/Source/Framework.API.Acclaris/Framework.API.Acclaris.csproj]
build	15-Feb-2024 04:28:27	/var/branchSource/Source/Framework.API.Acclaris/AcclarisApiClient.cs(869,30): warning CS0109: The member 'AcclarisApiClient.PostWithFormData(string, string, string, Dictionary<string, string>)' does not hide an accessible member. The new keyword is not required. [/var/branchSource/Source/Framework.API.Acclaris/Framework.API.Acclaris.csproj]
build	15-Feb-2024 04:28:27	/var/branchSource/Source/Framework.API.Acclaris/AcclarisApiClient.cs(911,30): warning CS0109: The member 'AcclarisApiClient.PostWithFormDataAndFile(string, string, string, string, string, string, Dictionary<string, string>)' does not hide an accessible member. The new keyword is not required. [/var/branchSource/Source/Framework.API.Acclaris/Framework.API.Acclaris.csproj]
build	15-Feb-2024 04:28:27	/var/branchSource/Source/Framework.API.Acclaris/UserDetailsService/API Clients/SecurityInfoConfigClient.cs(14,67): warning CS0108: 'SecurityInfoConfigClient._jsonOptions' hides inherited member 'AcclarisApiClient._jsonOptions'. Use the new keyword if hiding was intended. [/var/branchSource/Source/Framework.API.Acclaris/Framework.API.Acclaris.csproj]
build	15-Feb-2024 04:28:27	/var/branchSource/Source/Framework.API.Acclaris/LoginService/API Clients/SaveBiometricDetailsClient.cs(11,16): warning CS0414: The field 'SaveBiometricDetailsClient.service' is assigned but its value is never used [/var/branchSource/Source/Framework.API.Acclaris/Framework.API.Acclaris.csproj]
build	15-Feb-2024 04:28:27	/var/branchSource/Source/Framework.API.Acclaris/UserRegistrationService/API Clients/ValidateUserBySsnClient.cs(16,16): warning CS0414: The field 'ValidateUserBySsnClient.uri' is assigned but its value is never used [/var/branchSource/Source/Framework.API.Acclaris/Framework.API.Acclaris.csproj]
build	15-Feb-2024 04:28:27	/var/branchSource/Source/Framework.API.Acclaris/HSA Account/API Clients/GetIndividualHsaWidgetClient.cs(13,16): warning CS0414: The field 'GetIndividualHsaWidgetClient.serviceName' is assigned but its value is never used [/var/branchSource/Source/Framework.API.Acclaris/Framework.API.Acclaris.csproj]
build	15-Feb-2024 04:28:27	/var/branchSource/Source/Framework.API.Acclaris/HSA Account/API Clients/UploadCIPSecurityCheckDocumentsClient.cs(13,16): warning CS0414: The field 'HSAUploadCIPSecurityCheckDocumentsClient.service' is assigned but its value is never used [/var/branchSource/Source/Framework.API.Acclaris/Framework.API.Acclaris.csproj]
build	15-Feb-2024 04:28:27	/var/branchSource/Source/Framework.API.Acclaris/LoginService/API Clients/SaveAzureUserDetailsClient.cs(11,16): warning CS0414: The field 'SaveAzureUserDetailsClient.service' is assigned but its value is never used [/var/branchSource/Source/Framework.API.Acclaris/Framework.API.Acclaris.csproj]
build	15-Feb-2024 04:28:31	  Tests.DB.BaseTest -> /var/branchSource/Source/Tests.DB.BaseTest/bin/Debug/net6.0/Tests.DB.BaseTest.dll
build	15-Feb-2024 04:28:31	  Tests.NUT.BaseTest -> /var/branchSource/Source/Tests.NUT.BaseTest/bin/Debug/net6.0/Tests.NUT.BaseTest.dll
build	15-Feb-2024 04:28:31	  Tests.Mobile.BaseTest -> /var/branchSource/Source/Tests.Mobile.BaseTest/bin/Debug/net6.0/Tests.Mobile.BaseTest.dll
build	15-Feb-2024 04:28:32	  Framework.API.Acclaris -> /var/branchSource/Source/Framework.API.Acclaris/bin/Debug/net6.0/Framework.API.Acclaris.dll
build	15-Feb-2024 04:28:43	/var/branchSource/Source/Tests.Acclaris/Tests/Back-End/JavaBatch/MarkHsaAccountDormantBatchTest.cs(214,71): warning CS1570: XML comment has badly formed XML -- 'An identifier was expected.' [/var/branchSource/Source/Tests.Acclaris/Tests.Acclaris.csproj]
build	15-Feb-2024 04:28:43	/var/branchSource/Source/Tests.Acclaris/Tests/Back-End/JavaBatch/MarkHsaAccountDormantBatchTest.cs(214,71): warning CS1570: XML comment has badly formed XML -- 'The character(s) '=' cannot be used at this location.' [/var/branchSource/Source/Tests.Acclaris/Tests.Acclaris.csproj]
build	15-Feb-2024 04:28:43	/var/branchSource/Source/Tests.Acclaris/Tests/Mobile/Android/AndroidGetReimbursedTest.cs(1439,72): warning CS1570: XML comment has badly formed XML -- 'Whitespace is not allowed at this location.' [/var/branchSource/Source/Tests.Acclaris/Tests.Acclaris.csproj]
build	15-Feb-2024 04:28:43	/var/branchSource/Source/Tests.Acclaris/DataGenerationDemo/UsaaBuilderModelDemo.cs(238,13): warning CS1570: XML comment has badly formed XML -- 'End tag was not expected at this location.' [/var/branchSource/Source/Tests.Acclaris/Tests.Acclaris.csproj]
build	15-Feb-2024 04:28:43	/var/branchSource/Source/Tests.Acclaris/Tests/API/Employee/AccountService/ActiveElectionTest.cs(2768,53): warning CS1570: XML comment has badly formed XML -- 'Whitespace is not allowed at this location.' [/var/branchSource/Source/Tests.Acclaris/Tests.Acclaris.csproj]
build	15-Feb-2024 04:28:43	/var/branchSource/Source/Tests.Acclaris/Tests/Mobile/Android/RhraPayToProviderEnrollment.cs(794,80): warning CS1570: XML comment has badly formed XML -- 'An identifier was expected.' [/var/branchSource/Source/Tests.Acclaris/Tests.Acclaris.csproj]
build	15-Feb-2024 04:28:43	/var/branchSource/Source/Tests.Acclaris/Tests/API/Employee/AccountService/ActiveElectionTest.cs(2945,52): warning CS1570: XML comment has badly formed XML -- 'Whitespace is not allowed at this location.' [/var/branchSource/Source/Tests.Acclaris/Tests.Acclaris.csproj]
build	15-Feb-2024 04:28:43	/var/branchSource/Source/Tests.Acclaris/Tests/Mobile/Android/RhraPayToProviderEnrollment.cs(794,80): warning CS1570: XML comment has badly formed XML -- 'The character(s) ')' cannot be used at this location.' [/var/branchSource/Source/Tests.Acclaris/Tests.Acclaris.csproj]
build	15-Feb-2024 04:28:43	/var/branchSource/Source/Tests.Acclaris/Tests/API/Employee/AccountService/ActiveElectionTest.cs(3103,52): warning CS1570: XML comment has badly formed XML -- 'Whitespace is not allowed at this location.' [/var/branchSource/Source/Tests.Acclaris/Tests.Acclaris.csproj]
build	15-Feb-2024 04:28:43	/var/branchSource/Source/Tests.Acclaris/Tests/UI/Employee/EmployeeUsaaClaimsTest.cs(289,1): warning CS1570: XML comment has badly formed XML -- 'Expected an end tag for element 'summary'.' [/var/branchSource/Source/Tests.Acclaris/Tests.Acclaris.csproj]
build	15-Feb-2024 04:28:43	/var/branchSource/Source/Tests.Acclaris/Tests/API/Employee/AccountService/ActiveElectionTest.cs(3258,53): warning CS1570: XML comment has badly formed XML -- 'Whitespace is not allowed at this location.' [/var/branchSource/Source/Tests.Acclaris/Tests.Acclaris.csproj]
build	15-Feb-2024 04:28:43	/var/branchSource/Source/Tests.Acclaris/Tests/UI/Admin/ManualBalanceAdjustmentPendingApprovalTest.cs(1194,94): warning CS1570: XML comment has badly formed XML -- 'Whitespace is not allowed at this location.' [/var/branchSource/Source/Tests.Acclaris/Tests.Acclaris.csproj]
build	15-Feb-2024 04:28:43	/var/branchSource/Source/Tests.Acclaris/Tests/UI/Employee/EmployeeRhraExpressReimbursementFlowTest.cs(2031,89): warning CS1570: XML comment has badly formed XML -- 'Whitespace is not allowed at this location.' [/var/branchSource/Source/Tests.Acclaris/Tests.Acclaris.csproj]
build	15-Feb-2024 04:28:43	/var/branchSource/Source/Tests.Acclaris/Tests/API/Employee/AccountService/ActiveElectionTest.cs(4062,53): warning CS1570: XML comment has badly formed XML -- 'Whitespace is not allowed at this location.' [/var/branchSource/Source/Tests.Acclaris/Tests.Acclaris.csproj]
build	15-Feb-2024 04:28:43	/var/branchSource/Source/Tests.Acclaris/Tests/API/Employee/AccountService/ActiveElectionTest.cs(4237,53): warning CS1570: XML comment has badly formed XML -- 'Whitespace is not allowed at this location.' [/var/branchSource/Source/Tests.Acclaris/Tests.Acclaris.csproj]
build	15-Feb-2024 04:28:43	/var/branchSource/Source/Tests.Acclaris/Tests/UI/Employee/EmployeeDashboardTest.cs(4969,53): warning CS1570: XML comment has badly formed XML -- 'Whitespace is not allowed at this location.' [/var/branchSource/Source/Tests.Acclaris/Tests.Acclaris.csproj]
build	15-Feb-2024 04:28:43	/var/branchSource/Source/Tests.Acclaris/Tests/UI/Admin/ManualBalanceAdjustmentTest.cs(320,96): warning CS1570: XML comment has badly formed XML -- 'Whitespace is not allowed at this location.' [/var/branchSource/Source/Tests.Acclaris/Tests.Acclaris.csproj]
build	15-Feb-2024 04:28:43	/var/branchSource/Source/Tests.Acclaris/Tests/UI/Employee/EmployeeDashboardTest.cs(5153,52): warning CS1570: XML comment has badly formed XML -- 'Whitespace is not allowed at this location.' [/var/branchSource/Source/Tests.Acclaris/Tests.Acclaris.csproj]
build	15-Feb-2024 04:28:43	/var/branchSource/Source/Tests.Acclaris/Tests/UI/Admin/SelfServiceVoidReportVsVoidReissueAvtTest.cs(379,1): warning CS1570: XML comment has badly formed XML -- 'Expected an end tag for element 'summary'.' [/var/branchSource/Source/Tests.Acclaris/Tests.Acclaris.csproj]
build	15-Feb-2024 04:28:43	/var/branchSource/Source/Tests.Acclaris/Tests/UI/Employee/EmployeeDashboardTest.cs(5312,52): warning CS1570: XML comment has badly formed XML -- 'Whitespace is not allowed at this location.' [/var/branchSource/Source/Tests.Acclaris/Tests.Acclaris.csproj]
build	15-Feb-2024 04:28:43	/var/branchSource/Source/Tests.Acclaris/Tests/API/Employee/ClaimsService/ValidationOfPopuptextWhenOnlineClaimIsStarted/GetItemizedReceiptDetails_Claims.cs(619,13): warning CS1570: XML comment has badly formed XML -- 'End tag was not expected at this location.' [/var/branchSource/Source/Tests.Acclaris/Tests.Acclaris.csproj]
build	15-Feb-2024 04:28:43	/var/branchSource/Source/Tests.Acclaris/Tests/UI/Admin/ManualBalanceAdjustmentTest.cs(683,94): warning CS1570: XML comment has badly formed XML -- 'Whitespace is not allowed at this location.' [/var/branchSource/Source/Tests.Acclaris/Tests.Acclaris.csproj]
build	15-Feb-2024 04:28:43	/var/branchSource/Source/Tests.Acclaris/Tests/UI/Employee/EmployeeDashboardTest.cs(5472,53): warning CS1570: XML comment has badly formed XML -- 'Whitespace is not allowed at this location.' [/var/branchSource/Source/Tests.Acclaris/Tests.Acclaris.csproj]
build	15-Feb-2024 04:28:43	/var/branchSource/Source/Tests.Acclaris/Tests/UI/Employee/EmployeeDashboardTest.cs(6224,53): warning CS1570: XML comment has badly formed XML -- 'Whitespace is not allowed at this location.' [/var/branchSource/Source/Tests.Acclaris/Tests.Acclaris.csproj]
build	15-Feb-2024 04:28:43	/var/branchSource/Source/Tests.Acclaris/Tests/API/Employee/AccountService/GetCashBalanceTest.cs(2147,53): warning CS1570: XML comment has badly formed XML -- 'Whitespace is not allowed at this location.' [/var/branchSource/Source/Tests.Acclaris/Tests.Acclaris.csproj]
build	15-Feb-2024 04:28:43	/var/branchSource/Source/Tests.Acclaris/Tests/UI/Employee/EmployeeDashboardTest.cs(6398,53): warning CS1570: XML comment has badly formed XML -- 'Whitespace is not allowed at this location.' [/var/branchSource/Source/Tests.Acclaris/Tests.Acclaris.csproj]
build	15-Feb-2024 04:28:43	/var/branchSource/Source/Tests.Acclaris/Tests/API/Employee/ContributionService/GetEditContributionTest.cs(558,97): warning CS1570: XML comment has badly formed XML -- 'Whitespace is not allowed at this location.' [/var/branchSource/Source/Tests.Acclaris/Tests.Acclaris.csproj]
build	15-Feb-2024 04:28:43	/var/branchSource/Source/Tests.Acclaris/Tests/API/Employee/ContributionService/GetEditContributionTest.cs(558,105): warning CS1570: XML comment has badly formed XML -- 'Expected '>' or '/>' to close tag 'Cutoff.'.' [/var/branchSource/Source/Tests.Acclaris/Tests.Acclaris.csproj]
build	15-Feb-2024 04:28:43	/var/branchSource/Source/Tests.Acclaris/Tests/UI/Employee/EmployeeDashboardTest.cs(7178,1): warning CS1570: XML comment has badly formed XML -- 'Expected an end tag for element 'summary'.' [/var/branchSource/Source/Tests.Acclaris/Tests.Acclaris.csproj]
build	15-Feb-2024 04:28:43	/var/branchSource/Source/Tests.Acclaris/Tests/API/Employee/AccountService/GetCashBalanceTest.cs(2311,52): warning CS1570: XML comment has badly formed XML -- 'Whitespace is not allowed at this location.' [/var/branchSource/Source/Tests.Acclaris/Tests.Acclaris.csproj]
build	15-Feb-2024 04:28:43	/var/branchSource/Source/Tests.Acclaris/Tests/API/Employee/ContributionService/GetEditContributionTest.cs(1132,102): warning CS1570: XML comment has badly formed XML -- 'Whitespace is not allowed at this location.' [/var/branchSource/Source/Tests.Acclaris/Tests.Acclaris.csproj]
build	15-Feb-2024 04:28:43	/var/branchSource/Source/Tests.Acclaris/Tests/API/Employee/ContributionService/GetEditContributionTest.cs(1132,110): warning CS1570: XML comment has badly formed XML -- 'Expected '>' or '/>' to close tag 'Cutoff.'.' [/var/branchSource/Source/Tests.Acclaris/Tests.Acclaris.csproj]
build	15-Feb-2024 04:28:43	/var/branchSource/Source/Tests.Acclaris/Tests/UI/Employee/EmployeeDashboardTest.cs(7238,1): warning CS1570: XML comment has badly formed XML -- 'Expected an end tag for element 'summary'.' [/var/branchSource/Source/Tests.Acclaris/Tests.Acclaris.csproj]
build	15-Feb-2024 04:28:43	/var/branchSource/Source/Tests.Acclaris/Tests/API/Employee/ContributionService/GetEditContributionTest.cs(1717,96): warning CS1570: XML comment has badly formed XML -- 'Whitespace is not allowed at this location.' [/var/branchSource/Source/Tests.Acclaris/Tests.Acclaris.csproj]
build	15-Feb-2024 04:28:43	/var/branchSource/Source/Tests.Acclaris/Tests/UI/Employee/EmployeeDashboardTest.cs(7282,1): warning CS1570: XML comment has badly formed XML -- 'Expected an end tag for element 'summary'.' [/var/branchSource/Source/Tests.Acclaris/Tests.Acclaris.csproj]
build	15-Feb-2024 04:28:43	/var/branchSource/Source/Tests.Acclaris/Tests/API/Employee/ContributionService/GetEditContributionTest.cs(1717,104): warning CS1570: XML comment has badly formed XML -- 'Expected '>' or '/>' to close tag 'Cutoff.'.' [/var/branchSource/Source/Tests.Acclaris/Tests.Acclaris.csproj]
build	15-Feb-2024 04:28:43	/var/branchSource/Source/Tests.Acclaris/Tests/UI/Employee/EmployeeDashboardTest.cs(7329,1): warning CS1570: XML comment has badly formed XML -- 'Expected an end tag for element 'summary'.' [/var/branchSource/Source/Tests.Acclaris/Tests.Acclaris.csproj]
build	15-Feb-2024 04:28:43	/var/branchSource/Source/Tests.Acclaris/Tests/API/Employee/ContributionService/GetEditContributionTest.cs(2296,76): warning CS1570: XML comment has badly formed XML -- 'Whitespace is not allowed at this location.' [/var/branchSource/Source/Tests.Acclaris/Tests.Acclaris.csproj]
build	15-Feb-2024 04:28:43	/var/branchSource/Source/Tests.Acclaris/Tests/API/Employee/ContributionService/GetEditContributionTest.cs(2296,84): warning CS1570: XML comment has badly formed XML -- 'Expected '>' or '/>' to close tag 'Cutoff.'.' [/var/branchSource/Source/Tests.Acclaris/Tests.Acclaris.csproj]
build	15-Feb-2024 04:28:43	/var/branchSource/Source/Tests.Acclaris/Tests/UI/Employee/EmployeeDashboardTest.cs(7373,1): warning CS1570: XML comment has badly formed XML -- 'Expected an end tag for element 'summary'.' [/var/branchSource/Source/Tests.Acclaris/Tests.Acclaris.csproj]
build	15-Feb-2024 04:28:43	/var/branchSource/Source/Tests.Acclaris/Tests/API/Employee/ContributionService/GetEditContributionTest.cs(2627,73): warning CS1570: XML comment has badly formed XML -- 'Whitespace is not allowed at this location.' [/var/branchSource/Source/Tests.Acclaris/Tests.Acclaris.csproj]
build	15-Feb-2024 04:28:43	/var/branchSource/Source/Tests.Acclaris/Tests/API/Employee/ContributionService/GetEditContributionTest.cs(2627,81): warning CS1570: XML comment has badly formed XML -- 'Expected '>' or '/>' to close tag 'Cutoff.'.' [/var/branchSource/Source/Tests.Acclaris/Tests.Acclaris.csproj]
build	15-Feb-2024 04:28:43	/var/branchSource/Source/Tests.Acclaris/Tests/UI/Employee/EmployeeDashboardTest.cs(7417,1): warning CS1570: XML comment has badly formed XML -- 'Expected an end tag for element 'summary'.' [/var/branchSource/Source/Tests.Acclaris/Tests.Acclaris.csproj]
build	15-Feb-2024 04:28:43	/var/branchSource/Source/Tests.Acclaris/Tests/UI/Employee/EmployeeDashboardTest.cs(7464,1): warning CS1570: XML comment has badly formed XML -- 'Expected an end tag for element 'summary'.' [/var/branchSource/Source/Tests.Acclaris/Tests.Acclaris.csproj]
build	15-Feb-2024 04:28:43	/var/branchSource/Source/Tests.Acclaris/Tests/API/Employee/ContributionService/GetEditContributionTest.cs(3060,139): warning CS1570: XML comment has badly formed XML -- 'Whitespace is not allowed at this location.' [/var/branchSource/Source/Tests.Acclaris/Tests.Acclaris.csproj]
build	15-Feb-2024 04:28:43	/var/branchSource/Source/Tests.Acclaris/Tests/API/Employee/ContributionService/GetEditContributionTest.cs(3060,146): warning CS1570: XML comment has badly formed XML -- 'Expected '>' or '/>' to close tag 'Cutoff'.' [/var/branchSource/Source/Tests.Acclaris/Tests.Acclaris.csproj]
build	15-Feb-2024 04:28:43	/var/branchSource/Source/Tests.Acclaris/Tests/UI/Employee/EmployeeDashboardTest.cs(7524,1): warning CS1570: XML comment has badly formed XML -- 'Expected an end tag for element 'summary'.' [/var/branchSource/Source/Tests.Acclaris/Tests.Acclaris.csproj]
build	15-Feb-2024 04:28:43	/var/branchSource/Source/Tests.Acclaris/Tests/API/Employee/ContributionService/GetEditContributionTest.cs(3634,125): warning CS1570: XML comment has badly formed XML -- 'Whitespace is not allowed at this location.' [/var/branchSource/Source/Tests.Acclaris/Tests.Acclaris.csproj]
build	15-Feb-2024 04:28:43	/var/branchSource/Source/Tests.Acclaris/Tests/API/Employee/ContributionService/GetEditContributionTest.cs(3634,133): warning CS1570: XML comment has badly formed XML -- 'Expected '>' or '/>' to close tag 'Cutoff.'.' [/var/branchSource/Source/Tests.Acclaris/Tests.Acclaris.csproj]
build	15-Feb-2024 04:28:43	/var/branchSource/Source/Tests.Acclaris/Tests/UI/Employee/EmployeeDashboardTest.cs(7569,1): warning CS1570: XML comment has badly formed XML -- 'Expected an end tag for element 'summary'.' [/var/branchSource/Source/Tests.Acclaris/Tests.Acclaris.csproj]
build	15-Feb-2024 04:28:43	/var/branchSource/Source/Tests.Acclaris/Tests/UI/Employee/EmployeeDowExpressReimbursementTest.cs(598,131): warning CS1570: XML comment has badly formed XML -- 'Whitespace is not allowed at this location.' [/var/branchSource/Source/Tests.Acclaris/Tests.Acclaris.csproj]
build	15-Feb-2024 04:28:43	/var/branchSource/Source/Tests.Acclaris/Tests/UI/Employee/EmployeeDowExpressReimbursementTest.cs(697,131): warning CS1570: XML comment has badly formed XML -- 'Whitespace is not allowed at this location.' [/var/branchSource/Source/Tests.Acclaris/Tests.Acclaris.csproj]
build	15-Feb-2024 04:28:43	/var/branchSource/Source/Tests.Acclaris/Tests/UI/Employee/EmployeeDowExpressReimbursementTest.cs(697,157): warning CS1570: XML comment has badly formed XML -- 'Whitespace is not allowed at this location.' [/var/branchSource/Source/Tests.Acclaris/Tests.Acclaris.csproj]
build	15-Feb-2024 04:28:43	/var/branchSource/Source/Tests.Acclaris/Tests/UI/Employee/EmployeeDowExpressReimbursementTest.cs(806,131): warning CS1570: XML comment has badly formed XML -- 'Whitespace is not allowed at this location.' [/var/branchSource/Source/Tests.Acclaris/Tests.Acclaris.csproj]
build	15-Feb-2024 04:28:43	/var/branchSource/Source/Tests.Acclaris/Tests/UI/Employee/EmployeeDowExpressReimbursementTest.cs(904,131): warning CS1570: XML comment has badly formed XML -- 'Whitespace is not allowed at this location.' [/var/branchSource/Source/Tests.Acclaris/Tests.Acclaris.csproj]
build	15-Feb-2024 04:28:43	/var/branchSource/Source/Tests.Acclaris/Tests/API/Employee/AccountService/GetCashBalanceTest.cs(2449,52): warning CS1570: XML comment has badly formed XML -- 'Whitespace is not allowed at this location.' [/var/branchSource/Source/Tests.Acclaris/Tests.Acclaris.csproj]
build	15-Feb-2024 04:28:43	/var/branchSource/Source/Tests.Acclaris/Tests/API/Employee/AccountService/GetCashBalanceTest.cs(2589,53): warning CS1570: XML comment has badly formed XML -- 'Whitespace is not allowed at this location.' [/var/branchSource/Source/Tests.Acclaris/Tests.Acclaris.csproj]
build	15-Feb-2024 04:28:43	/var/branchSource/Source/Tests.Acclaris/Tests/Back-End/Database/Eligibility/FileLoad31ElTests.cs(306,15): warning CS1570: XML comment has badly formed XML -- 'End tag 'summary' does not match the start tag 'Blank'.' [/var/branchSource/Source/Tests.Acclaris/Tests.Acclaris.csproj]
build	15-Feb-2024 04:28:43	/var/branchSource/Source/Tests.Acclaris/Tests/Back-End/Database/Eligibility/FileLoad31ElTests.cs(307,1): warning CS1570: XML comment has badly formed XML -- 'Expected an end tag for element 'summary'.' [/var/branchSource/Source/Tests.Acclaris/Tests.Acclaris.csproj]
build	15-Feb-2024 04:28:43	/var/branchSource/Source/Tests.Acclaris/Tests/API/Employee/AccountService/GetCashBalanceTest.cs(3399,53): warning CS1570: XML comment has badly formed XML -- 'Whitespace is not allowed at this location.' [/var/branchSource/Source/Tests.Acclaris/Tests.Acclaris.csproj]
build	15-Feb-2024 04:28:43	/var/branchSource/Source/Tests.Acclaris/Tests/API/Employee/AccountService/GetCashBalanceTest.cs(3559,53): warning CS1570: XML comment has badly formed XML -- 'Whitespace is not allowed at this location.' [/var/branchSource/Source/Tests.Acclaris/Tests.Acclaris.csproj]
build	15-Feb-2024 04:28:43	/var/branchSource/Source/Tests.Acclaris/Tests/API/Employee/AccountService/GetCashBalanceTest.cs(3990,1): warning CS1570: XML comment has badly formed XML -- 'Expected an end tag for element 'summary'.' [/var/branchSource/Source/Tests.Acclaris/Tests.Acclaris.csproj]
build	15-Feb-2024 04:28:43	/var/branchSource/Source/Tests.Acclaris/Tests/API/Employee/AccountService/GetCashBalanceTest.cs(4061,1): warning CS1570: XML comment has badly formed XML -- 'Expected an end tag for element 'summary'.' [/var/branchSource/Source/Tests.Acclaris/Tests.Acclaris.csproj]
build	15-Feb-2024 04:28:43	/var/branchSource/Source/Tests.Acclaris/Tests/API/Employee/AccountService/GetCashBalanceTest.cs(4132,1): warning CS1570: XML comment has badly formed XML -- 'Expected an end tag for element 'summary'.' [/var/branchSource/Source/Tests.Acclaris/Tests.Acclaris.csproj]
build	15-Feb-2024 04:28:43	/var/branchSource/Source/Tests.Acclaris/Tests/API/Employee/HSAAccountService/SavePartialDataTest.cs(294,13): warning CS1570: XML comment has badly formed XML -- 'End tag was not expected at this location.' [/var/branchSource/Source/Tests.Acclaris/Tests.Acclaris.csproj]
build	15-Feb-2024 04:28:43	/var/branchSource/Source/Tests.Acclaris/Tests/UI/Admin/ProcessingInterfaceTest/DifferentWaysOfImageSearchingCpiTest.cs(670,1): warning CS1570: XML comment has badly formed XML -- 'Expected an end tag for element 'summary'.' [/var/branchSource/Source/Tests.Acclaris/Tests.Acclaris.csproj]
build	15-Feb-2024 04:28:43	/var/branchSource/Source/Tests.Acclaris/Tests/Back-End/Database/ClmPopulateEracSummaryTest.cs(286,72): warning CS1570: XML comment has badly formed XML -- 'Whitespace is not allowed at this location.' [/var/branchSource/Source/Tests.Acclaris/Tests.Acclaris.csproj]
build	15-Feb-2024 04:28:43	/var/branchSource/Source/Tests.Acclaris/Tests/Back-End/Database/ClmPopulateEracSummaryTest.cs(286,85): warning CS1570: XML comment has badly formed XML -- '+' [/var/branchSource/Source/Tests.Acclaris/Tests.Acclaris.csproj]
build	15-Feb-2024 04:28:43	/var/branchSource/Source/Tests.Acclaris/Tests/Back-End/Database/ClmPopulateEracSummaryTest.cs(286,148): warning CS1570: XML comment has badly formed XML -- 'Expected '>' or '/>' to close tag 'benterm_date'.' [/var/branchSource/Source/Tests.Acclaris/Tests.Acclaris.csproj]
build	15-Feb-2024 04:28:43	/var/branchSource/Source/Tests.Acclaris/Tests/Back-End/Database/ClmPopulateEracSummaryTest.cs(549,83): warning CS1570: XML comment has badly formed XML -- 'Whitespace is not allowed at this location.' [/var/branchSource/Source/Tests.Acclaris/Tests.Acclaris.csproj]
build	15-Feb-2024 04:28:43	/var/branchSource/Source/Tests.Acclaris/Tests/Back-End/Database/ClmPopulateEracSummaryTest.cs(549,96): warning CS1570: XML comment has badly formed XML -- '+' [/var/branchSource/Source/Tests.Acclaris/Tests.Acclaris.csproj]
build	15-Feb-2024 04:28:43	/var/branchSource/Source/Tests.Acclaris/Tests/Back-End/Database/ClmPopulateEracSummaryTest.cs(549,161): warning CS1570: XML comment has badly formed XML -- 'Expected '>' or '/>' to close tag 'benterm_date'.' [/var/branchSource/Source/Tests.Acclaris/Tests.Acclaris.csproj]
build	15-Feb-2024 04:28:43	/var/branchSource/Source/Tests.Acclaris/Tests/Back-End/Database/Eligibility/Dow/DowFileLoad10EeTests.cs(2481,108): warning CS1570: XML comment has badly formed XML -- 'Whitespace is not allowed at this location.' [/var/branchSource/Source/Tests.Acclaris/Tests.Acclaris.csproj]
build	15-Feb-2024 04:28:43	/var/branchSource/Source/Tests.Acclaris/Tests/Back-End/Database/Eligibility/Dow/DowFileLoad10EeTests.cs(2481,116): warning CS1570: XML comment has badly formed XML -- 'Missing equals sign between attribute and attribute value.' [/var/branchSource/Source/Tests.Acclaris/Tests.Acclaris.csproj]
build	15-Feb-2024 04:28:43	/var/branchSource/Source/Tests.Acclaris/Tests/Back-End/Database/Eligibility/Dow/DowFileLoad10EeTests.cs(2481,128): warning CS1570: XML comment has badly formed XML -- 'Missing equals sign between attribute and attribute value.' [/var/branchSource/Source/Tests.Acclaris/Tests.Acclaris.csproj]
build	15-Feb-2024 04:28:43	/var/branchSource/Source/Tests.Acclaris/Tests/Back-End/Database/Eligibility/Dow/DowFileLoad10EeTests.cs(2481,135): warning CS1570: XML comment has badly formed XML -- 'Missing equals sign between attribute and attribute value.' [/var/branchSource/Source/Tests.Acclaris/Tests.Acclaris.csproj]
build	15-Feb-2024 04:28:43	/var/branchSource/Source/Tests.Acclaris/Tests/Back-End/Database/Eligibility/Dow/DowFileLoad10EeTests.cs(2481,139): warning CS1570: XML comment has badly formed XML -- 'Missing equals sign between attribute and attribute value.' [/var/branchSource/Source/Tests.Acclaris/Tests.Acclaris.csproj]
build	15-Feb-2024 04:28:43	/var/branchSource/Source/Tests.Acclaris/Tests/Back-End/Database/Eligibility/Dow/DowFileLoad10EeTests.cs(2481,143): warning CS1570: XML comment has badly formed XML -- 'Missing equals sign between attribute and attribute value.' [/var/branchSource/Source/Tests.Acclaris/Tests.Acclaris.csproj]
build	15-Feb-2024 04:28:43	/var/branchSource/Source/Tests.Acclaris/Tests/Back-End/Database/Eligibility/Dow/DowFileLoad10EeTests.cs(2481,154): warning CS1570: XML comment has badly formed XML -- 'Missing equals sign between attribute and attribute value.' [/var/branchSource/Source/Tests.Acclaris/Tests.Acclaris.csproj]
build	15-Feb-2024 04:28:43	/var/branchSource/Source/Tests.Acclaris/Tests/Back-End/Database/Eligibility/Dow/DowFileLoad10EeTests.cs(2481,154): warning CS1570: XML comment has badly formed XML -- '1' [/var/branchSource/Source/Tests.Acclaris/Tests.Acclaris.csproj]
build	15-Feb-2024 04:28:43	/var/branchSource/Source/Tests.Acclaris/Tests/Back-End/Database/Eligibility/Dow/DowFileLoad10EeTests.cs(2486,52): warning CS1570: XML comment has badly formed XML -- 'Expected '>' or '/>' to close tag 'Date'.' [/var/branchSource/Source/Tests.Acclaris/Tests.Acclaris.csproj]
build	15-Feb-2024 04:28:43	/var/branchSource/Source/Tests.Acclaris/Tests/UI/Employee/EmployeeProfileTest.cs(1868,13): warning CS1570: XML comment has badly formed XML -- 'End tag was not expected at this location.' [/var/branchSource/Source/Tests.Acclaris/Tests.Acclaris.csproj]
build	15-Feb-2024 04:28:43	/var/branchSource/Source/Tests.Acclaris/Tests/API/Admin/PaymentService/GetBalanceAdjustmentPendingApprovalListTest.cs(672,94): warning CS1570: XML comment has badly formed XML -- 'Whitespace is not allowed at this location.' [/var/branchSource/Source/Tests.Acclaris/Tests.Acclaris.csproj]
build	15-Feb-2024 04:28:43	/var/branchSource/Source/Tests.Acclaris/Tests/API/Admin/PaymentService/GetBalanceAdjustmentPermissionsTest.cs(255,58): warning CS1570: XML comment has badly formed XML -- 'Whitespace is not allowed at this location.' [/var/branchSource/Source/Tests.Acclaris/Tests.Acclaris.csproj]
build	15-Feb-2024 04:28:43	/var/branchSource/Source/Tests.Acclaris/Tests/API/Employee/AccountService/AccountOutlookTest.cs(2450,53): warning CS1570: XML comment has badly formed XML -- 'Whitespace is not allowed at this location.' [/var/branchSource/Source/Tests.Acclaris/Tests.Acclaris.csproj]
build	15-Feb-2024 04:28:43	/var/branchSource/Source/Tests.Acclaris/Tests/API/Employee/AccountService/AccountOutlookTest.cs(2657,52): warning CS1570: XML comment has badly formed XML -- 'Whitespace is not allowed at this location.' [/var/branchSource/Source/Tests.Acclaris/Tests.Acclaris.csproj]
build	15-Feb-2024 04:28:43	/var/branchSource/Source/Tests.Acclaris/Tests/API/Employee/AccountService/AccountOutlookTest.cs(2844,52): warning CS1570: XML comment has badly formed XML -- 'Whitespace is not allowed at this location.' [/var/branchSource/Source/Tests.Acclaris/Tests.Acclaris.csproj]
build	15-Feb-2024 04:28:43	/var/branchSource/Source/Tests.Acclaris/Tests/API/Employee/AccountService/AccountOutlookTest.cs(3028,53): warning CS1570: XML comment has badly formed XML -- 'Whitespace is not allowed at this location.' [/var/branchSource/Source/Tests.Acclaris/Tests.Acclaris.csproj]
build	15-Feb-2024 04:28:43	/var/branchSource/Source/Tests.Acclaris/Tests/API/Employee/AccountService/AccountOutlookTest.cs(4001,53): warning CS1570: XML comment has badly formed XML -- 'Whitespace is not allowed at this location.' [/var/branchSource/Source/Tests.Acclaris/Tests.Acclaris.csproj]
build	15-Feb-2024 04:28:43	/var/branchSource/Source/Tests.Acclaris/Tests/API/Employee/AccountService/AccountOutlookTest.cs(4195,53): warning CS1570: XML comment has badly formed XML -- 'Whitespace is not allowed at this location.' [/var/branchSource/Source/Tests.Acclaris/Tests.Acclaris.csproj]
build	15-Feb-2024 04:28:43	/var/branchSource/Source/Tests.Acclaris/Tests/API/Employee/AccountService/AccountOutlookTest.cs(4633,13): warning CS1570: XML comment has badly formed XML -- 'End tag was not expected at this location.' [/var/branchSource/Source/Tests.Acclaris/Tests.Acclaris.csproj]
build	15-Feb-2024 04:28:43	/var/branchSource/Source/Tests.Acclaris/Tests/UI/Employee/EmployeeStellantisExpressReimbursementTest.cs(9,7): warning CS0105: The using directive for 'DataGeneration' appeared previously in this namespace [/var/branchSource/Source/Tests.Acclaris/Tests.Acclaris.csproj]
build	15-Feb-2024 04:28:43	/var/branchSource/Source/Tests.Acclaris/Tests/UI/Employee/EmployeeStellantisExpressReimbursementTest.cs(10,7): warning CS0105: The using directive for 'System' appeared previously in this namespace [/var/branchSource/Source/Tests.Acclaris/Tests.Acclaris.csproj]
build	15-Feb-2024 04:28:43	/var/branchSource/Source/Tests.Acclaris/Utility/DateUtility.cs(68,17): warning CS8073: The result of the expression is always 'false' since a value of type 'DateTime' is never equal to 'null' of type 'DateTime?' [/var/branchSource/Source/Tests.Acclaris/Tests.Acclaris.csproj]
build	15-Feb-2024 04:28:43	/var/branchSource/Source/Tests.Acclaris/Tests/API/Employee/AccountService/AccountOutlookTest.cs(1277,17): warning CS0219: The variable 'runOffDays' is assigned but its value is never used [/var/branchSource/Source/Tests.Acclaris/Tests.Acclaris.csproj]
build	15-Feb-2024 04:28:43	/var/branchSource/Source/Tests.Acclaris/Tests/Back-End/JavaBatch/TDSC/TdscEmployeeNotificationTest.cs(284,165): warning CS8073: The result of the expression is always 'true' since a value of type 'DateTime' is never equal to 'null' of type 'DateTime?' [/var/branchSource/Source/Tests.Acclaris/Tests.Acclaris.csproj]
build	15-Feb-2024 04:28:43	/var/branchSource/Source/Tests.Acclaris/Tests/UI/Employee/EmployeeDashboardTest.cs(7265,17): warning CS0219: The variable 'acctTypCdUi' is assigned but its value is never used [/var/branchSource/Source/Tests.Acclaris/Tests.Acclaris.csproj]
build	15-Feb-2024 04:28:43	/var/branchSource/Source/Tests.Acclaris/Tests/UI/Employee/EmployeeDashboardTest.cs(7309,17): warning CS0219: The variable 'acctTypCdUi' is assigned but its value is never used [/var/branchSource/Source/Tests.Acclaris/Tests.Acclaris.csproj]
build	15-Feb-2024 04:28:43	/var/branchSource/Source/Tests.Acclaris/Tests/UI/Employee/EmployeeDashboardTest.cs(7356,17): warning CS0219: The variable 'acctTypCdUi' is assigned but its value is never used [/var/branchSource/Source/Tests.Acclaris/Tests.Acclaris.csproj]
build	15-Feb-2024 04:28:43	/var/branchSource/Source/Tests.Acclaris/Tests/UI/Employee/EmployeeDashboardTest.cs(7400,17): warning CS0219: The variable 'acctTypCdUi' is assigned but its value is never used [/var/branchSource/Source/Tests.Acclaris/Tests.Acclaris.csproj]
build	15-Feb-2024 04:28:43	/var/branchSource/Source/Tests.Acclaris/Tests/UI/Employee/EmployeeDashboardTest.cs(7444,17): warning CS0219: The variable 'acctTypCdUi' is assigned but its value is never used [/var/branchSource/Source/Tests.Acclaris/Tests.Acclaris.csproj]
build	15-Feb-2024 04:28:43	/var/branchSource/Source/Tests.Acclaris/Tests/UI/Employee/EmployeeDashboardTest.cs(7551,17): warning CS0219: The variable 'acctTypCdUi' is assigned but its value is never used [/var/branchSource/Source/Tests.Acclaris/Tests.Acclaris.csproj]
build	15-Feb-2024 04:28:43	/var/branchSource/Source/Tests.Acclaris/Tests/UI/Employee/EmployeeDashboardTest.cs(7596,17): warning CS0219: The variable 'acctTypCdUi' is assigned but its value is never used [/var/branchSource/Source/Tests.Acclaris/Tests.Acclaris.csproj]
build	15-Feb-2024 04:28:43	/var/branchSource/Source/Tests.Acclaris/Tests/UI/Employee/EmployeeAccountActivityDowTest.cs(1146,17): warning CS0219: The variable 'acctTypCdRhcap' is assigned but its value is never used [/var/branchSource/Source/Tests.Acclaris/Tests.Acclaris.csproj]
build	15-Feb-2024 04:28:43	/var/branchSource/Source/Tests.Acclaris/Tests/UI/Employee/EmployeeAccountActivityDowTest.cs(1147,17): warning CS0219: The variable 'acctTypCdRhcapCompanyMatch' is assigned but its value is never used [/var/branchSource/Source/Tests.Acclaris/Tests.Acclaris.csproj]
build	15-Feb-2024 04:28:44	/var/branchSource/Source/Tests.Acclaris/Tests/Back-End/Database/Eligibility/EligibilityFileLoad30ElTests.cs(2083,21): warning CS1591: Missing XML comment for publicly visible type or member 'EligibilityFileLoad30ElTests.ValidateVoidElectionEndDateInStackElectionWithZeroPaidClaimAndDepositAmount_HCRA()' [/var/branchSource/Source/Tests.Acclaris/Tests.Acclaris.csproj]
build	15-Feb-2024 04:28:44	/var/branchSource/Source/Tests.Acclaris/Tests/Back-End/Database/Eligibility/EligibilityFileLoad30ElTests.cs(2203,21): warning CS1591: Missing XML comment for publicly visible type or member 'EligibilityFileLoad30ElTests.ValidateVoidElectionEndDateInStackElectionBothPaidClaimAndDepositAmountZero_HCRA()' [/var/branchSource/Source/Tests.Acclaris/Tests.Acclaris.csproj]
build	15-Feb-2024 04:28:44	/var/branchSource/Source/Tests.Acclaris/Tests/Back-End/Database/Eligibility/EligibilityFileLoad30ElTests.cs(2323,21): warning CS1591: Missing XML comment for publicly visible type or member 'EligibilityFileLoad30ElTests.ValidateVoidElectionEndDateInStackElectionWithPaidClaimAndZeroDepositAmount_HCRA()' [/var/branchSource/Source/Tests.Acclaris/Tests.Acclaris.csproj]
build	15-Feb-2024 04:28:44	/var/branchSource/Source/Tests.Acclaris/Tests/Back-End/Database/Eligibility/EligibilityFileLoad30ElTests.cs(2443,21): warning CS1591: Missing XML comment for publicly visible type or member 'EligibilityFileLoad30ElTests.ValidateVoidElectionEndDateInStackElectionWithDeniedClaimAndDepositAmount_DCRA()' [/var/branchSource/Source/Tests.Acclaris/Tests.Acclaris.csproj]
build	15-Feb-2024 04:28:44	/var/branchSource/Source/Tests.Acclaris/Tests/Back-End/Database/Eligibility/EligibilityFileLoad30ElTests.cs(2555,21): warning CS1591: Missing XML comment for publicly visible type or member 'EligibilityFileLoad30ElTests.ValidateVoidElectionEndDateInStackElectionWithApprovedClaimAndZeroDepositAmount_DCRA()' [/var/branchSource/Source/Tests.Acclaris/Tests.Acclaris.csproj]
build	15-Feb-2024 04:28:44	/var/branchSource/Source/Tests.Acclaris/Tests/Back-End/Database/Eligibility/EligibilityFileLoad30ElTests.cs(2667,21): warning CS1591: Missing XML comment for publicly visible type or member 'EligibilityFileLoad30ElTests.ValidateVoidElectionEndDateInStackElectionWithPaidClaimAndDepositAmount_HCRA()' [/var/branchSource/Source/Tests.Acclaris/Tests.Acclaris.csproj]
build	15-Feb-2024 04:28:44	/var/branchSource/Source/Tests.Acclaris/Tests/UI/Admin/AdminPortalSanityTest.cs(832,21): warning CS1591: Missing XML comment for publicly visible type or member 'AdminPortalSanityTest.OracleForm()' [/var/branchSource/Source/Tests.Acclaris/Tests.Acclaris.csproj]
build	15-Feb-2024 04:28:44	/var/branchSource/Source/Tests.Acclaris/Tests/API/Admin/PaymentService/SaveBalanceAdjustmentDetailsMicroServiceTest.cs(1427,13): warning CS1587: XML comment is not placed on a valid language element [/var/branchSource/Source/Tests.Acclaris/Tests.Acclaris.csproj]
build	15-Feb-2024 04:28:44	/var/branchSource/Source/Tests.Acclaris/Tests/UI/Employee/EmployeeAccountActivityDowTest.cs(327,13): warning CS1587: XML comment is not placed on a valid language element [/var/branchSource/Source/Tests.Acclaris/Tests.Acclaris.csproj]
build	15-Feb-2024 04:28:44	/var/branchSource/Source/Tests.Acclaris/Tests/UI/Employee/EmployeeAccountActivityDowTest.cs(697,13): warning CS1587: XML comment is not placed on a valid language element [/var/branchSource/Source/Tests.Acclaris/Tests.Acclaris.csproj]
build	15-Feb-2024 04:28:44	/var/branchSource/Source/Tests.Acclaris/Tests/UI/Employee/EmployeeAccountActivityDowTest.cs(1047,13): warning CS1587: XML comment is not placed on a valid language element [/var/branchSource/Source/Tests.Acclaris/Tests.Acclaris.csproj]
build	15-Feb-2024 04:28:44	/var/branchSource/Source/Tests.Acclaris/Tests/UI/Employee/EmployeeRhraExpressReimbursementClaimTest.cs(85,13): warning CS1587: XML comment is not placed on a valid language element [/var/branchSource/Source/Tests.Acclaris/Tests.Acclaris.csproj]
build	15-Feb-2024 04:28:44	/var/branchSource/Source/Tests.Acclaris/Tests/UI/Employee/EmployeeRhraExpressReimbursementReviewAndSubmitPageTest.cs(90,13): warning CS1587: XML comment is not placed on a valid language element [/var/branchSource/Source/Tests.Acclaris/Tests.Acclaris.csproj]
build	15-Feb-2024 04:28:44	/var/branchSource/Source/Tests.Acclaris/Tests/Back-End/Database/Contribution/RKP/NotificationForPriorYearContributionTest.cs(147,17): warning CA2200: Re-throwing caught exception changes stack information [/var/branchSource/Source/Tests.Acclaris/Tests.Acclaris.csproj]
build	15-Feb-2024 04:28:44	/var/branchSource/Source/Tests.Acclaris/Tests/Back-End/Database/JraOffsetTests.cs(1169,17): warning CA2200: Re-throwing caught exception changes stack information [/var/branchSource/Source/Tests.Acclaris/Tests.Acclaris.csproj]
build	15-Feb-2024 04:28:44	/var/branchSource/Source/Tests.Acclaris/Tests/Back-End/Database/JraOffsetTests.cs(1293,17): warning CA2200: Re-throwing caught exception changes stack information [/var/branchSource/Source/Tests.Acclaris/Tests.Acclaris.csproj]
build	15-Feb-2024 04:28:44	/var/branchSource/Source/Tests.Acclaris/Tests/Back-End/Database/JraOffsetTests.cs(1537,17): warning CA2200: Re-throwing caught exception changes stack information [/var/branchSource/Source/Tests.Acclaris/Tests.Acclaris.csproj]
build	15-Feb-2024 04:28:44	/var/branchSource/Source/Tests.Acclaris/Tests/Back-End/Database/JraOffsetTests.cs(1639,17): warning CA2200: Re-throwing caught exception changes stack information [/var/branchSource/Source/Tests.Acclaris/Tests.Acclaris.csproj]
build	15-Feb-2024 04:28:44	/var/branchSource/Source/Tests.Acclaris/Tests/Back-End/Database/JraOffsetTests.cs(1757,17): warning CA2200: Re-throwing caught exception changes stack information [/var/branchSource/Source/Tests.Acclaris/Tests.Acclaris.csproj]
build	15-Feb-2024 04:28:44	/var/branchSource/Source/Tests.Acclaris/Tests/End-To-End/HsaNegativeBalanceCommunicationDeeplinkTest.cs(153,17): warning CA2200: Re-throwing caught exception changes stack information [/var/branchSource/Source/Tests.Acclaris/Tests.Acclaris.csproj]
build	15-Feb-2024 04:28:44	/var/branchSource/Source/Tests.Acclaris/Tests/UI/Employee/EmployeeDashboardTest.cs(3142,17): warning CA2200: Re-throwing caught exception changes stack information [/var/branchSource/Source/Tests.Acclaris/Tests.Acclaris.csproj]
build	15-Feb-2024 04:28:44	/var/branchSource/Source/Tests.Acclaris/Tests/UI/Employee/EmployeeDashboardTest.cs(3435,17): warning CA2200: Re-throwing caught exception changes stack information [/var/branchSource/Source/Tests.Acclaris/Tests.Acclaris.csproj]
build	15-Feb-2024 04:28:44	/var/branchSource/Source/Tests.Acclaris/Tests/UI/Employee/EmployeeDashboardTest.cs(3285,17): warning CA2200: Re-throwing caught exception changes stack information [/var/branchSource/Source/Tests.Acclaris/Tests.Acclaris.csproj]
build	15-Feb-2024 04:28:44	/var/branchSource/Source/Tests.Acclaris/Tests/UI/Employee/EmployeeAccountActivityTest.cs(3704,17): warning CA2200: Re-throwing caught exception changes stack information [/var/branchSource/Source/Tests.Acclaris/Tests.Acclaris.csproj]
build	15-Feb-2024 04:28:44	/var/branchSource/Source/Tests.Acclaris/Tests/UI/Employee/EmployeeAccountActivityTest.cs(3877,17): warning CA2200: Re-throwing caught exception changes stack information [/var/branchSource/Source/Tests.Acclaris/Tests.Acclaris.csproj]
build	15-Feb-2024 04:28:44	/var/branchSource/Source/Tests.Acclaris/Tests/UI/Employee/EmployeeAccountActivityTest.cs(4033,17): warning CA2200: Re-throwing caught exception changes stack information [/var/branchSource/Source/Tests.Acclaris/Tests.Acclaris.csproj]
build	15-Feb-2024 04:28:44	/var/branchSource/Source/Tests.Acclaris/Tests/UI/Employee/EmployeeAccountActivityTest.cs(3538,17): warning CA2200: Re-throwing caught exception changes stack information [/var/branchSource/Source/Tests.Acclaris/Tests.Acclaris.csproj]
build	15-Feb-2024 04:28:44	/var/branchSource/Source/Tests.Acclaris/Tests/UI/Employee/EmployeeAccountActivityTest.cs(4204,17): warning CA2200: Re-throwing caught exception changes stack information [/var/branchSource/Source/Tests.Acclaris/Tests.Acclaris.csproj]
build	15-Feb-2024 04:28:44	/var/branchSource/Source/Tests.Acclaris/Tests/UI/Employee/EmployeeAccountActivityTest.cs(4360,17): warning CA2200: Re-throwing caught exception changes stack information [/var/branchSource/Source/Tests.Acclaris/Tests.Acclaris.csproj]
build	15-Feb-2024 04:28:44	/var/branchSource/Source/Tests.Acclaris/Tests/UI/Employee/EmployeeAccountActivityTest.cs(4519,17): warning CA2200: Re-throwing caught exception changes stack information [/var/branchSource/Source/Tests.Acclaris/Tests.Acclaris.csproj]
build	15-Feb-2024 04:28:44	/var/branchSource/Source/Tests.Acclaris/Tests/UI/Employee/EmployeeAccountActivityTest.cs(4663,17): warning CA2200: Re-throwing caught exception changes stack information [/var/branchSource/Source/Tests.Acclaris/Tests.Acclaris.csproj]
build	15-Feb-2024 04:28:44	/var/branchSource/Source/Tests.Acclaris/Tests/UI/Employee/EmployeeAccountActivityTest.cs(4828,17): warning CA2200: Re-throwing caught exception changes stack information [/var/branchSource/Source/Tests.Acclaris/Tests.Acclaris.csproj]
build	15-Feb-2024 04:28:44	/var/branchSource/Source/Tests.Acclaris/Tests/UI/Employee/EmployeeAccountActivityTest.cs(4977,17): warning CA2200: Re-throwing caught exception changes stack information [/var/branchSource/Source/Tests.Acclaris/Tests.Acclaris.csproj]
build	15-Feb-2024 04:28:45	  Tests.Acclaris -> /var/branchSource/Source/Tests.Acclaris/bin/Debug/net6.0/Tests.Acclaris.dll
build	15-Feb-2024 04:28:46	/var/branchSource/Source/TestRunner.Utilities/Selenium/Webdriver.cs(40,21): warning CS0162: Unreachable code detected [/var/branchSource/Source/TestRunner.Utilities/TestRunner.Utilities.csproj]
build	15-Feb-2024 04:28:46	/var/branchSource/Source/TestRunner.Utilities/Selenium/Webdriver.cs(52,21): warning CS0162: Unreachable code detected [/var/branchSource/Source/TestRunner.Utilities/TestRunner.Utilities.csproj]
build	15-Feb-2024 04:28:46	/var/branchSource/Source/TestRunner.Utilities/Selenium/Webdriver.cs(62,21): warning CS0162: Unreachable code detected [/var/branchSource/Source/TestRunner.Utilities/TestRunner.Utilities.csproj]
build	15-Feb-2024 04:28:46	/var/branchSource/Source/TestRunner.Utilities/TestDocumenter.cs(20,50): warning CS0649: Field 'TestDocumenter.PageObjectActionDictionary' is never assigned to, and will always have its default value null [/var/branchSource/Source/TestRunner.Utilities/TestRunner.Utilities.csproj]
build	15-Feb-2024 04:28:46	/var/branchSource/Source/TestRunner.Utilities/TestDocumenter.cs(18,50): warning CS0649: Field 'TestDocumenter.TestPageObjectDictionary' is never assigned to, and will always have its default value null [/var/branchSource/Source/TestRunner.Utilities/TestRunner.Utilities.csproj]
build	15-Feb-2024 04:28:46	/var/branchSource/Source/TestRunner.Utilities/TestDocumenter.cs(19,50): warning CS0649: Field 'TestDocumenter.ActionTestDictionary' is never assigned to, and will always have its default value null [/var/branchSource/Source/TestRunner.Utilities/TestRunner.Utilities.csproj]
build	15-Feb-2024 04:28:46	/var/branchSource/Source/TestRunner.Utilities/TestDocumenter.cs(21,50): warning CS0649: Field 'TestDocumenter.PageObjectTestDictionary' is never assigned to, and will always have its default value null [/var/branchSource/Source/TestRunner.Utilities/TestRunner.Utilities.csproj]
build	15-Feb-2024 04:28:46	/var/branchSource/Source/TestRunner.Utilities/TestDocumenter.cs(23,27): warning CS0649: Field 'TestDocumenter.XmlDocFramework' is never assigned to, and will always have its default value null [/var/branchSource/Source/TestRunner.Utilities/TestRunner.Utilities.csproj]
build	15-Feb-2024 04:28:46	/var/branchSource/Source/TestRunner.Utilities/TestDocumenter.cs(22,27): warning CS0649: Field 'TestDocumenter.XmlDocTests' is never assigned to, and will always have its default value null [/var/branchSource/Source/TestRunner.Utilities/TestRunner.Utilities.csproj]
build	15-Feb-2024 04:28:49	  TestRunner.Utilities -> /var/branchSource/Source/TestRunner.Utilities/bin/Debug/net6.0/TestRunner.Utilities.dll
build	15-Feb-2024 04:28:54	  TestRunner.CLI -> /var/branchSource/Source/TestRunner.CLI/bin/Debug/net6.0/CLIRunner.dll
build	15-Feb-2024 04:28:55	  TestRunner.CLI -> /var/branchtest/
build	15-Feb-2024 04:28:56	Starting ChromeDriver 109.0.5414.74 (e7c5703604daa9cc128ccf5a5d3e993513758913-refs/branch-heads/5414@{#1172}) on port 4444
build	15-Feb-2024 04:28:56	Remote connections are allowed by an allowlist (127.0.0.1,::ffff:7f00:1).
build	15-Feb-2024 04:28:56	Please see https://chromedriver.chromium.org/security-considerations for suggestions on keeping ChromeDriver safe.
build	15-Feb-2024 04:28:56	ChromeDriver was started successfully.
build	15-Feb-2024 04:48:33	Activity Date
error	15-Feb-2024 05:25:36	Error occurred while running Task 'Run Plan Branch TestRunner CLI in DEV on SAJ03 VM(7)' of type com.atlassian.bamboo.plugins.bamboo-scp-plugin:sshtask.
error	15-Feb-2024 05:25:36	java.lang.IllegalStateException: java.io.InterruptedIOException
error	15-Feb-2024 05:25:36		at org.apache.commons.io.LineIterator.hasNext(LineIterator.java:108)
error	15-Feb-2024 05:25:36		at com.atlassian.bamboo.plugins.scp.LoggingSshClient.printOutputLines(LoggingSshClient.java:199)
error	15-Feb-2024 05:25:36		at com.atlassian.bamboo.plugins.scp.LoggingSshClient.executeSshCommandLoggingStreams(LoggingSshClient.java:148)
error	15-Feb-2024 05:25:36		at com.atlassian.bamboo.plugins.scp.LoggingSshClient.executeSshCommandLoggingInputStream(LoggingSshClient.java:124)
error	15-Feb-2024 05:25:36		at com.atlassian.bamboo.plugins.scp.SshTask.executeSshTask(SshTask.java:100)
error	15-Feb-2024 05:25:36		at com.atlassian.bamboo.plugins.scp.SshTask.execute(SshTask.java:67)
error	15-Feb-2024 05:25:36		at com.atlassian.bamboo.task.TaskExecutorImpl.lambda$executeTasks$3(TaskExecutorImpl.java:323)
error	15-Feb-2024 05:25:36		at com.atlassian.bamboo.task.TaskExecutorImpl.executeTaskWithPrePostActions(TaskExecutorImpl.java:258)
error	15-Feb-2024 05:25:36		at com.atlassian.bamboo.task.TaskExecutorImpl.executeTasks(TaskExecutorImpl.java:323)
error	15-Feb-2024 05:25:36		at com.atlassian.bamboo.task.TaskExecutorImpl.execute(TaskExecutorImpl.java:118)
error	15-Feb-2024 05:25:36		at com.atlassian.bamboo.build.pipeline.tasks.ExecuteBuildTask.call(ExecuteBuildTask.java:73)
error	15-Feb-2024 05:25:36		at com.atlassian.bamboo.v2.build.agent.DefaultBuildAgent.executeBuildPhase(DefaultBuildAgent.java:207)
error	15-Feb-2024 05:25:36		at com.atlassian.bamboo.v2.build.agent.DefaultBuildAgent.build(DefaultBuildAgent.java:179)
error	15-Feb-2024 05:25:36		at com.atlassian.bamboo.v2.build.agent.BuildAgentControllerImpl.lambda$waitAndPerformBuild$0(BuildAgentControllerImpl.java:169)
error	15-Feb-2024 05:25:36		at com.atlassian.bamboo.variable.CustomVariableContextImpl.withVariableSubstitutor(CustomVariableContextImpl.java:118)
error	15-Feb-2024 05:25:36		at com.atlassian.bamboo.v2.build.agent.BuildAgentControllerImpl.waitAndPerformBuild(BuildAgentControllerImpl.java:162)
error	15-Feb-2024 05:25:36		at com.atlassian.bamboo.v2.build.agent.DefaultBuildAgent.lambda$start$0(DefaultBuildAgent.java:124)
error	15-Feb-2024 05:25:36		at com.atlassian.bamboo.utils.BambooRunnables$1.run(BambooRunnables.java:48)
error	15-Feb-2024 05:25:36		at com.atlassian.bamboo.security.ImpersonationHelper.runWith(ImpersonationHelper.java:26)
error	15-Feb-2024 05:25:36		at com.atlassian.bamboo.security.ImpersonationHelper.runWithSystemAuthority(ImpersonationHelper.java:17)
error	15-Feb-2024 05:25:36		at com.atlassian.bamboo.security.ImpersonationHelper$1.run(ImpersonationHelper.java:41)
error	15-Feb-2024 05:25:36		at java.lang.Thread.run(Thread.java:748)
error	15-Feb-2024 05:25:36	Caused by: java.io.InterruptedIOException
error	15-Feb-2024 05:25:36		at net.schmizz.sshj.connection.channel.ChannelInputStream.read(ChannelInputStream.java:109)
error	15-Feb-2024 05:25:36		at sun.nio.cs.StreamDecoder.readBytes(StreamDecoder.java:284)
error	15-Feb-2024 05:25:36		at sun.nio.cs.StreamDecoder.implRead(StreamDecoder.java:326)
error	15-Feb-2024 05:25:36		at sun.nio.cs.StreamDecoder.read(StreamDecoder.java:178)
error	15-Feb-2024 05:25:36		at java.io.InputStreamReader.read(InputStreamReader.java:184)
error	15-Feb-2024 05:25:36		at java.io.BufferedReader.fill(BufferedReader.java:161)
error	15-Feb-2024 05:25:36		at java.io.BufferedReader.readLine(BufferedReader.java:324)
error	15-Feb-2024 05:25:36		at java.io.BufferedReader.readLine(BufferedReader.java:389)
error	15-Feb-2024 05:25:36		at org.apache.commons.io.LineIterator.hasNext(LineIterator.java:96)
error	15-Feb-2024 05:25:36		... 21 more
error	15-Feb-2024 05:25:36	Caused by: java.lang.InterruptedException
error	15-Feb-2024 05:25:36		at java.lang.Object.wait(Native Method)
error	15-Feb-2024 05:25:36		at java.lang.Object.wait(Object.java:502)
error	15-Feb-2024 05:25:36		at net.schmizz.sshj.connection.channel.ChannelInputStream.read(ChannelInputStream.java:106)
error	15-Feb-2024 05:25:36		... 29 more
simple	15-Feb-2024 05:25:36	Running post build plugin 'BrowserStack Post Runner'
simple	15-Feb-2024 05:25:36	Running post build plugin 'Docker Container Cleanup'
simple	15-Feb-2024 05:25:36	Running post build plugin 'NCover Results Collector'
simple	15-Feb-2024 05:25:36	Running post build plugin 'Build Results Label Collector'
simple	15-Feb-2024 05:25:36	Running post build plugin 'Clover Results Collector'
simple	15-Feb-2024 05:25:36	Running post build plugin 'npm Cache Cleanup'
simple	15-Feb-2024 05:25:36	Running post build plugin 'Artifact Copier'
simple	15-Feb-2024 05:25:36	Finalising the build...
simple	15-Feb-2024 05:25:36	Stopping timer.
simple	15-Feb-2024 05:25:36	Build TS-UIENTDEV-JOB1-584 completed.
simple	15-Feb-2024 05:25:36	Running on server: post build plugin 'Build Hanging Detection Configuration'
simple	15-Feb-2024 05:25:36	Running on server: post build plugin 'Bamboo project link creator'
simple	15-Feb-2024 05:25:36	Running on server: post build plugin 'BDD Report Processor'
simple	15-Feb-2024 05:25:36	Running on server: post build plugin 'NCover Results Collector'
simple	15-Feb-2024 05:25:36	Running on server: post build plugin 'Build Labeller'
simple	15-Feb-2024 05:25:36	Running on server: post build plugin 'Clover Delta Calculator'
simple	15-Feb-2024 05:25:36	Running on server: post build plugin 'Maven Dependencies Postprocessor'
simple	15-Feb-2024 05:25:36	All post build plugins have finished
simple	15-Feb-2024 05:25:36	Generating build results summary...
simple	15-Feb-2024 05:25:36	Saving build results to disk...
simple	15-Feb-2024 05:25:36	Store variable context...
simple	15-Feb-2024 05:25:36	Finished building TS-UIENTDEV-JOB1-584.
